Last login: Fri Feb  8 08:39:11 on ttys000
Cheries-MBP:~ ryanbarner$ ls
Applications    Downloads   Pictures    bin
Desktop     Library     Public      result2.csv
Docs        Movies      PycharmProjects src
Documents   Music       VirtualBox VMs  vagrant
Cheries-MBP:~ ryanbarner$ cd src/
Cheries-MBP:src ryanbarner$ ls
barner_hello.py     peer_grading        study_guides
homework        project
lectures_and_labs   skills_assessments
Cheries-MBP:src ryanbarner$ cd project/
Cheries-MBP:project ryanbarner$ ls
Pages to Scrape.xlsx    jotted_ideas.txt    questions
api_scrape      make_it_nice        spotify-icons-logos
database_draft      project_homework    tech
env         protag
Cheries-MBP:project ryanbarner$ cd protag/
Cheries-MBP:protag ryanbarner$ ls
env         scrapes         templates
requirements.txt    server.py
Cheries-MBP:protag ryanbarner$ cd scrapes/
Cheries-MBP:scrapes ryanbarner$ ls
genius_api_scrape   selenium_scrape
Cheries-MBP:scrapes ryanbarner$ cd selenium_scrape/
Cheries-MBP:selenium_scrape ryanbarner$ ls
chromedriver            result.csv
geckodriver         result2.csv
geckodriver.log         result3.csv
genius_page_scrape_ex.py    scrape_with_click.py
genius_page_scrape_ex_2.py
Cheries-MBP:selenium_scrape ryanbarner$ subl .
Cheries-MBP:selenium_scrape ryanbarner$ python3
Python 3.7.2 (v3.7.2:9a3ffc0492, Dec 24 2018, 02:44:43)
[Clang 6.0 (clang-600.0.57)] on darwin
Type "help", "copyright", "credits" or "license" for more information.
>>> from selenium import webdriver
>>> from selenium.common.exceptions import TimeoutException
>>> from selenium.webdriver.support.ui import WebDriverWait
>>> from selenium.webdriver.support import expected_conditions as EC
>>> with open('result2.csv', 'w') as f:
...     f.write("Songs, Artists, Producer \n")
...
26
>>> driver = webdriver.Chrome(executable_path='/Users/ryanbarner\U+2069/src\U+2069/project\U+2069/protag\U+2069/scrapes/selenium_scrape/chromedriver')
Traceback (most recent call last):
  File "/Library/Frameworks/Python.framework/Versions/3.7/lib/python3.7/site-packages/selenium/webdriver/common/service.py", line 76, in start
    stdin=PIPE)
  File "/Library/Frameworks/Python.framework/Versions/3.7/lib/python3.7/subprocess.py", line 775, in __init__
    restore_signals, start_new_session)
  File "/Library/Frameworks/Python.framework/Versions/3.7/lib/python3.7/subprocess.py", line 1522, in _execute_child
    raise child_exception_type(errno_num, err_msg, err_filename)
FileNotFoundError: [Errno 2] No such file or directory: '/Users/ryanbarner\u2069/src\u2069/project\u2069/protag\u2069/scrapes/selenium_scrape/chromedriver': '/Users/ryanbarner\u2069/src\u2069/project\u2069/protag\u2069/scrapes/selenium_scrape/chromedriver'

During handling of the above exception, another exception occurred:

Traceback (most recent call last):
  File "<stdin>", line 1, in <module>
  File "/Library/Frameworks/Python.framework/Versions/3.7/lib/python3.7/site-packages/selenium/webdriver/chrome/webdriver.py", line 73, in __init__
    self.service.start()
  File "/Library/Frameworks/Python.framework/Versions/3.7/lib/python3.7/site-packages/selenium/webdriver/common/service.py", line 83, in start
    os.path.basename(self.path), self.start_error_message)
selenium.common.exceptions.WebDriverException: Message: 'chromedriver' executable needs to be in PATH. Please see https://sites.google.com/a/chromium.org/chromedriver/home

>>> driver = webdriver.Chrome(executable_path='/Users/ryanbarner/src/project/protag/scrapes/selenium_scrape/chromedriver')
>>> driver.get("https://genius.com/artists/The-neptunes")
>>> songs = driver.find_elements_by_xpath('//div[@class="mini_card-title"]')
>>> artists = driver.find_elements_by_xpath('//div[@class="mini_card-subtitle"]')
>>> num_song_items = len(songs)
>>> with open('result2.csv', 'a') as f:
...     for i in range(num_song_items):
...         f.write(songs[i].text + " , " + artists[i].text + "\n")
...
49
49
28
41
43
57
37
44
35
32
>>> driver.close()
>>> driver.quit()
>>>
...
>>>
>>> ^D
Cheries-MBP:selenium_scrape ryanbarner$
Cheries-MBP:selenium_scrape ryanbarner$
Cheries-MBP:selenium_scrape ryanbarner$
Cheries-MBP:selenium_scrape ryanbarner$ pwd
/Users/ryanbarner/src/project/protag/scrapes/selenium_scrape
Cheries-MBP:selenium_scrape ryanbarner$ vagrant
Usage: vagrant [options] <command> [<args>]

    -v, --version                    Print the version and exit.
    -h, --help                       Print this help.

Common commands:
     box             manages boxes: installation, removal, etc.
     cloud           manages everything related to Vagrant Cloud
     destroy         stops and deletes all traces of the vagrant machine
     global-status   outputs status Vagrant environments for this user
     halt            stops the vagrant machine
     help            shows the help for a subcommand
     init            initializes a new Vagrant environment by creating a Vagrantfile
     login
     package         packages a running vagrant environment into a box
     plugin          manages plugins: install, uninstall, update, etc.
     port            displays information about guest port mappings
     powershell      connects to machine via powershell remoting
     provision       provisions the vagrant machine
     push            deploys code in this environment to a configured destination
     rdp             connects to machine via RDP
     reload          restarts vagrant machine, loads new Vagrantfile configuration
     resume          resume a suspended vagrant machine
     snapshot        manages snapshots: saving, restoring, etc.
     ssh             connects to machine via SSH
     ssh-config      outputs OpenSSH valid configuration to connect to the machine
     status          outputs status of the vagrant machine
     suspend         suspends the machine
     up              starts and provisions the vagrant environment
     upload          upload to machine via communicator
     validate        validates the Vagrantfile
     version         prints current and latest Vagrant version
     winrm           executes commands on a machine via WinRM
     winrm-config    outputs WinRM configuration to connect to the machine

For help on any individual command run `vagrant COMMAND -h`

Additional subcommands are available, but are either more advanced
or not commonly used. To see all subcommands, run the command
`vagrant list-commands`.

Cheries-MBP:selenium_scrape ryanbarner$ pwd
/Users/ryanbarner/src/project/protag/scrapes/selenium_scrape
Cheries-MBP:selenium_scrape ryanbarner$
Cheries-MBP:selenium_scrape ryanbarner$
Cheries-MBP:selenium_scrape ryanbarner$
Cheries-MBP:selenium_scrape ryanbarner$